<?xml version="1.0" encoding="UTF-8"?>
<testng-results ignored="0" total="2" passed="2" failed="0" skipped="0">
  <reporter-output>
  </reporter-output>
  <suite started-at="2023-12-03T11:18:26 EST" name="Default suite" finished-at="2023-12-03T11:18:38 EST" duration-ms="12263">
    <groups>
    </groups>
    <test started-at="2023-12-03T11:18:26 EST" name="Default test" finished-at="2023-12-03T11:18:38 EST" duration-ms="12263">
      <class name="pagesTest.HomePageTest">
        <test-method is-config="true" signature="setUP()[pri:0, instance:pagesTest.HomePageTest@942a29c]" started-at="2023-12-03T11:18:26 EST" name="setUP" finished-at="2023-12-03T11:18:30 EST" duration-ms="4249" status="PASS">
          <reporter-output>
          </reporter-output>
        </test-method> <!-- setUP -->
        <test-method signature="clickSignInTest()[pri:0, instance:pagesTest.HomePageTest@942a29c]" started-at="2023-12-03T11:18:30 EST" name="clickSignInTest" finished-at="2023-12-03T11:18:30 EST" duration-ms="89" status="PASS">
          <reporter-output>
          </reporter-output>
        </test-method> <!-- clickSignInTest -->
        <test-method is-config="true" signature="tearUp()[pri:0, instance:pagesTest.HomePageTest@942a29c]" started-at="2023-12-03T11:18:30 EST" name="tearUp" finished-at="2023-12-03T11:18:30 EST" duration-ms="184" status="PASS">
          <reporter-output>
          </reporter-output>
        </test-method> <!-- tearUp -->
        <test-method is-config="true" signature="setUP()[pri:0, instance:pagesTest.HomePageTest@942a29c]" started-at="2023-12-03T11:18:30 EST" name="setUP" finished-at="2023-12-03T11:18:34 EST" duration-ms="3243" status="PASS">
          <reporter-output>
          </reporter-output>
        </test-method> <!-- setUP -->
        <test-method signature="inputInLoginFieldTest()[pri:0, instance:pagesTest.HomePageTest@942a29c]" started-at="2023-12-03T11:18:34 EST" name="inputInLoginFieldTest" finished-at="2023-12-03T11:18:38 EST" duration-ms="4203" status="PASS">
          <reporter-output>
          </reporter-output>
        </test-method> <!-- inputInLoginFieldTest -->
        <test-method is-config="true" signature="tearUp()[pri:0, instance:pagesTest.HomePageTest@942a29c]" started-at="2023-12-03T11:18:38 EST" name="tearUp" finished-at="2023-12-03T11:18:38 EST" duration-ms="218" status="PASS">
          <reporter-output>
          </reporter-output>
        </test-method> <!-- tearUp -->
      </class> <!-- pagesTest.HomePageTest -->
    </test> <!-- Default test -->
  </suite> <!-- Default suite -->
</testng-results>
