<?xml version="1.0" encoding="UTF-8"?>
<testng-results ignored="0" total="1" passed="1" failed="0" skipped="0">
  <reporter-output>
  </reporter-output>
  <suite started-at="2023-11-13T18:50:58 EST" name="Default suite" finished-at="2023-11-13T18:51:05 EST" duration-ms="7286">
    <groups>
    </groups>
    <test started-at="2023-11-13T18:50:58 EST" name="Default test" finished-at="2023-11-13T18:51:05 EST" duration-ms="7286">
      <class name="pagesTest.HomePageTest">
        <test-method is-config="true" signature="setUp()[pri:0, instance:pagesTest.HomePageTest@7d4f9aae]" started-at="2023-11-13T18:50:58 EST" name="setUp" finished-at="2023-11-13T18:51:02 EST" duration-ms="3845" status="PASS">
          <reporter-output>
          </reporter-output>
        </test-method> <!-- setUp -->
        <test-method signature="clickSkipToMainContentTest()[pri:0, instance:pagesTest.HomePageTest@7d4f9aae]" started-at="2023-11-13T18:51:02 EST" name="clickSkipToMainContentTest" finished-at="2023-11-13T18:51:05 EST" duration-ms="3021" status="PASS">
          <reporter-output>
          </reporter-output>
        </test-method> <!-- clickSkipToMainContentTest -->
        <test-method is-config="true" signature="tearUp()[pri:0, instance:pagesTest.HomePageTest@7d4f9aae]" started-at="2023-11-13T18:51:05 EST" name="tearUp" finished-at="2023-11-13T18:51:05 EST" duration-ms="319" status="PASS">
          <reporter-output>
          </reporter-output>
        </test-method> <!-- tearUp -->
      </class> <!-- pagesTest.HomePageTest -->
    </test> <!-- Default test -->
  </suite> <!-- Default suite -->
</testng-results>
